mode: set
github.com/keikoproj/upgrade-manager/controllers/common/metrics.go:59.20,62.2 2 0
github.com/keikoproj/upgrade-manager/controllers/common/metrics.go:65.68,67.50 2 0
github.com/keikoproj/upgrade-manager/controllers/common/metrics.go:89.2,89.37 1 0
github.com/keikoproj/upgrade-manager/controllers/common/metrics.go:67.50,76.17 3 0
github.com/keikoproj/upgrade-manager/controllers/common/metrics.go:83.3,85.24 3 0
github.com/keikoproj/upgrade-manager/controllers/common/metrics.go:76.17,77.75 1 0
github.com/keikoproj/upgrade-manager/controllers/common/metrics.go:77.75,79.5 1 0
github.com/keikoproj/upgrade-manager/controllers/common/metrics.go:79.10,81.5 1 0
github.com/keikoproj/upgrade-manager/controllers/common/metrics.go:86.8,88.3 1 0
github.com/keikoproj/upgrade-manager/controllers/common/metrics.go:92.115,94.39 2 0
github.com/keikoproj/upgrade-manager/controllers/common/metrics.go:116.2,116.27 1 0
github.com/keikoproj/upgrade-manager/controllers/common/metrics.go:94.39,103.17 3 0
github.com/keikoproj/upgrade-manager/controllers/common/metrics.go:110.3,112.24 3 0
github.com/keikoproj/upgrade-manager/controllers/common/metrics.go:103.17,104.75 1 0
github.com/keikoproj/upgrade-manager/controllers/common/metrics.go:104.75,106.5 1 0
github.com/keikoproj/upgrade-manager/controllers/common/metrics.go:106.10,108.5 1 0
github.com/keikoproj/upgrade-manager/controllers/common/metrics.go:113.8,115.3 1 0
github.com/keikoproj/upgrade-manager/controllers/common/metrics.go:119.55,121.2 1 0
github.com/keikoproj/upgrade-manager/controllers/common/metrics.go:123.68,125.2 1 0
github.com/keikoproj/upgrade-manager/controllers/common/metrics.go:128.81,129.42 1 1
github.com/keikoproj/upgrade-manager/controllers/common/metrics.go:129.42,131.3 1 1
github.com/keikoproj/upgrade-manager/controllers/common/metrics.go:131.8,133.45 2 1
github.com/keikoproj/upgrade-manager/controllers/common/metrics.go:142.3,143.36 2 1
github.com/keikoproj/upgrade-manager/controllers/common/metrics.go:165.3,165.38 1 1
github.com/keikoproj/upgrade-manager/controllers/common/metrics.go:133.45,138.4 4 1
github.com/keikoproj/upgrade-manager/controllers/common/metrics.go:138.9,140.4 1 1
github.com/keikoproj/upgrade-manager/controllers/common/metrics.go:143.36,152.18 3 1
github.com/keikoproj/upgrade-manager/controllers/common/metrics.go:159.4,161.25 3 1
github.com/keikoproj/upgrade-manager/controllers/common/metrics.go:152.18,153.76 1 1
github.com/keikoproj/upgrade-manager/controllers/common/metrics.go:153.76,155.6 1 1
github.com/keikoproj/upgrade-manager/controllers/common/metrics.go:155.11,157.6 1 0
github.com/keikoproj/upgrade-manager/controllers/common/metrics.go:162.9,164.4 1 1
github.com/keikoproj/upgrade-manager/controllers/common/metrics.go:169.50,171.2 1 1
github.com/keikoproj/upgrade-manager/controllers/common/metrics.go:173.46,175.2 1 1
github.com/keikoproj/upgrade-manager/controllers/common/metrics.go:177.43,179.2 1 1
github.com/keikoproj/upgrade-manager/controllers/common/utils.go:24.55,25.29 1 0
github.com/keikoproj/upgrade-manager/controllers/common/utils.go:30.2,30.14 1 0
github.com/keikoproj/upgrade-manager/controllers/common/utils.go:25.29,26.33 1 0
github.com/keikoproj/upgrade-manager/controllers/common/utils.go:26.33,28.4 1 0
github.com/keikoproj/upgrade-manager/controllers/common/utils.go:33.27,34.11 1 0
github.com/keikoproj/upgrade-manager/controllers/common/utils.go:37.2,37.10 1 0
github.com/keikoproj/upgrade-manager/controllers/common/utils.go:34.11,36.3 1 0
github.com/keikoproj/upgrade-manager/controllers/common/utils.go:40.27,41.11 1 0
github.com/keikoproj/upgrade-manager/controllers/common/utils.go:44.2,44.10 1 0
github.com/keikoproj/upgrade-manager/controllers/common/utils.go:41.11,43.3 1 0
github.com/keikoproj/upgrade-manager/controllers/common/utils.go:47.58,49.45 2 0
github.com/keikoproj/upgrade-manager/controllers/common/utils.go:53.2,53.15 1 0
github.com/keikoproj/upgrade-manager/controllers/common/utils.go:49.45,52.3 2 0
github.com/keikoproj/upgrade-manager/controllers/cloud.go:43.97,48.2 1 1
github.com/keikoproj/upgrade-manager/controllers/cloud.go:50.44,53.16 2 1
github.com/keikoproj/upgrade-manager/controllers/cloud.go:56.2,59.16 3 1
github.com/keikoproj/upgrade-manager/controllers/cloud.go:62.2,65.16 3 1
github.com/keikoproj/upgrade-manager/controllers/cloud.go:68.2,70.12 2 1
github.com/keikoproj/upgrade-manager/controllers/cloud.go:53.16,55.3 1 0
github.com/keikoproj/upgrade-manager/controllers/cloud.go:59.16,61.3 1 0
github.com/keikoproj/upgrade-manager/controllers/cloud.go:65.16,67.3 1 0
github.com/keikoproj/upgrade-manager/controllers/metrics.go:12.153,15.2 2 1
github.com/keikoproj/upgrade-manager/controllers/metrics.go:18.104,21.28 3 1
github.com/keikoproj/upgrade-manager/controllers/metrics.go:24.2,24.47 1 1
github.com/keikoproj/upgrade-manager/controllers/metrics.go:21.28,23.3 1 0
github.com/keikoproj/upgrade-manager/controllers/metrics.go:28.100,29.30 1 1
github.com/keikoproj/upgrade-manager/controllers/metrics.go:29.30,30.26 1 0
github.com/keikoproj/upgrade-manager/controllers/metrics.go:30.26,32.4 1 0
github.com/keikoproj/upgrade-manager/controllers/metrics.go:37.84,39.55 1 0
github.com/keikoproj/upgrade-manager/controllers/metrics.go:48.2,54.4 1 0
github.com/keikoproj/upgrade-manager/controllers/metrics.go:39.55,40.33 1 0
github.com/keikoproj/upgrade-manager/controllers/metrics.go:40.33,46.4 3 0
github.com/keikoproj/upgrade-manager/controllers/metrics.go:58.164,69.2 2 1
github.com/keikoproj/upgrade-manager/controllers/metrics.go:72.139,75.47 2 1
github.com/keikoproj/upgrade-manager/controllers/metrics.go:87.2,89.48 3 1
github.com/keikoproj/upgrade-manager/controllers/metrics.go:75.47,83.3 2 1
github.com/keikoproj/upgrade-manager/controllers/metrics.go:83.8,85.3 1 1
github.com/keikoproj/upgrade-manager/controllers/metrics.go:89.48,99.3 8 1
github.com/keikoproj/upgrade-manager/controllers/metrics.go:99.8,99.50 1 1
github.com/keikoproj/upgrade-manager/controllers/metrics.go:99.50,102.26 3 1
github.com/keikoproj/upgrade-manager/controllers/metrics.go:102.26,107.4 4 1
github.com/keikoproj/upgrade-manager/controllers/metrics.go:113.118,115.2 1 1
github.com/keikoproj/upgrade-manager/controllers/metrics.go:117.147,119.46 2 1
github.com/keikoproj/upgrade-manager/controllers/metrics.go:127.2,127.25 1 1
github.com/keikoproj/upgrade-manager/controllers/metrics.go:119.46,123.3 1 1
github.com/keikoproj/upgrade-manager/controllers/metrics.go:123.8,126.3 2 1
github.com/keikoproj/upgrade-manager/controllers/rollingupgrade_controller.go:75.106,79.16 4 0
github.com/keikoproj/upgrade-manager/controllers/rollingupgrade_controller.go:89.2,89.48 1 0
github.com/keikoproj/upgrade-manager/controllers/rollingupgrade_controller.go:96.2,97.68 2 0
github.com/keikoproj/upgrade-manager/controllers/rollingupgrade_controller.go:103.2,103.47 1 0
github.com/keikoproj/upgrade-manager/controllers/rollingupgrade_controller.go:108.2,116.106 3 0
github.com/keikoproj/upgrade-manager/controllers/rollingupgrade_controller.go:122.2,122.51 1 0
github.com/keikoproj/upgrade-manager/controllers/rollingupgrade_controller.go:133.2,133.16 1 0
github.com/keikoproj/upgrade-manager/controllers/rollingupgrade_controller.go:139.2,139.107 1 0
github.com/keikoproj/upgrade-manager/controllers/rollingupgrade_controller.go:145.2,164.34 5 0
github.com/keikoproj/upgrade-manager/controllers/rollingupgrade_controller.go:172.2,172.48 1 0
github.com/keikoproj/upgrade-manager/controllers/rollingupgrade_controller.go:178.2,178.73 1 0
github.com/keikoproj/upgrade-manager/controllers/rollingupgrade_controller.go:79.16,80.30 1 0
github.com/keikoproj/upgrade-manager/controllers/rollingupgrade_controller.go:85.3,85.28 1 0
github.com/keikoproj/upgrade-manager/controllers/rollingupgrade_controller.go:80.30,84.4 3 0
github.com/keikoproj/upgrade-manager/controllers/rollingupgrade_controller.go:89.48,93.3 3 0
github.com/keikoproj/upgrade-manager/controllers/rollingupgrade_controller.go:97.68,101.3 3 0
github.com/keikoproj/upgrade-manager/controllers/rollingupgrade_controller.go:103.47,105.3 1 0
github.com/keikoproj/upgrade-manager/controllers/rollingupgrade_controller.go:116.106,119.3 2 0
github.com/keikoproj/upgrade-manager/controllers/rollingupgrade_controller.go:122.51,125.112 3 0
github.com/keikoproj/upgrade-manager/controllers/rollingupgrade_controller.go:130.3,130.14 1 0
github.com/keikoproj/upgrade-manager/controllers/rollingupgrade_controller.go:125.112,129.4 3 0
github.com/keikoproj/upgrade-manager/controllers/rollingupgrade_controller.go:133.16,136.3 1 0
github.com/keikoproj/upgrade-manager/controllers/rollingupgrade_controller.go:139.107,142.3 2 0
github.com/keikoproj/upgrade-manager/controllers/rollingupgrade_controller.go:142.8,144.3 1 0
github.com/keikoproj/upgrade-manager/controllers/rollingupgrade_controller.go:164.34,168.4 3 0
github.com/keikoproj/upgrade-manager/controllers/rollingupgrade_controller.go:172.48,176.3 3 0
github.com/keikoproj/upgrade-manager/controllers/rollingupgrade_controller.go:182.77,189.2 1 0
github.com/keikoproj/upgrade-manager/controllers/rollingupgrade_controller.go:192.76,194.46 1 0
github.com/keikoproj/upgrade-manager/controllers/rollingupgrade_controller.go:194.46,196.10 2 0
github.com/keikoproj/upgrade-manager/controllers/rollingupgrade_controller.go:202.4,202.15 1 0
github.com/keikoproj/upgrade-manager/controllers/rollingupgrade_controller.go:196.10,201.5 4 0
github.com/keikoproj/upgrade-manager/controllers/rollingupgrade_controller.go:204.46,206.10 2 0
github.com/keikoproj/upgrade-manager/controllers/rollingupgrade_controller.go:212.4,212.15 1 0
github.com/keikoproj/upgrade-manager/controllers/rollingupgrade_controller.go:206.10,211.5 4 0
github.com/keikoproj/upgrade-manager/controllers/rollingupgrade_controller.go:214.46,216.10 2 0
github.com/keikoproj/upgrade-manager/controllers/rollingupgrade_controller.go:222.4,222.15 1 0
github.com/keikoproj/upgrade-manager/controllers/rollingupgrade_controller.go:216.10,221.5 4 0
github.com/keikoproj/upgrade-manager/controllers/rollingupgrade_controller.go:228.58,229.12 1 0
github.com/keikoproj/upgrade-manager/controllers/rollingupgrade_controller.go:229.12,232.3 2 0
github.com/keikoproj/upgrade-manager/controllers/rollingupgrade_controller.go:236.90,238.80 2 0
github.com/keikoproj/upgrade-manager/controllers/rollingupgrade_controller.go:238.80,240.3 1 0
github.com/keikoproj/upgrade-manager/controllers/rollingupgrade_controller.go:244.69,248.60 3 0
github.com/keikoproj/upgrade-manager/controllers/rollingupgrade_controller.go:252.2,252.26 1 0
github.com/keikoproj/upgrade-manager/controllers/rollingupgrade_controller.go:255.2,255.21 1 0
github.com/keikoproj/upgrade-manager/controllers/rollingupgrade_controller.go:248.60,251.3 2 0
github.com/keikoproj/upgrade-manager/controllers/rollingupgrade_controller.go:252.26,254.3 1 0
github.com/keikoproj/upgrade-manager/controllers/script_runner.go:39.55,43.2 1 0
github.com/keikoproj/upgrade-manager/controllers/script_runner.go:45.61,56.2 2 1
github.com/keikoproj/upgrade-manager/controllers/script_runner.go:58.86,64.16 5 1
github.com/keikoproj/upgrade-manager/controllers/script_runner.go:67.2,67.25 1 1
github.com/keikoproj/upgrade-manager/controllers/script_runner.go:64.16,66.3 1 1
github.com/keikoproj/upgrade-manager/controllers/script_runner.go:70.65,72.18 2 0
github.com/keikoproj/upgrade-manager/controllers/script_runner.go:76.2,77.16 2 0
github.com/keikoproj/upgrade-manager/controllers/script_runner.go:82.2,84.12 2 0
github.com/keikoproj/upgrade-manager/controllers/script_runner.go:72.18,74.3 1 0
github.com/keikoproj/upgrade-manager/controllers/script_runner.go:77.16,80.3 2 0
github.com/keikoproj/upgrade-manager/controllers/script_runner.go:87.60,89.18 2 0
github.com/keikoproj/upgrade-manager/controllers/script_runner.go:93.2,94.16 2 0
github.com/keikoproj/upgrade-manager/controllers/script_runner.go:99.2,100.12 2 0
github.com/keikoproj/upgrade-manager/controllers/script_runner.go:89.18,91.3 1 0
github.com/keikoproj/upgrade-manager/controllers/script_runner.go:94.16,97.3 2 0
github.com/keikoproj/upgrade-manager/controllers/script_runner.go:103.61,105.18 2 0
github.com/keikoproj/upgrade-manager/controllers/script_runner.go:109.2,110.16 2 0
github.com/keikoproj/upgrade-manager/controllers/script_runner.go:115.2,116.12 2 0
github.com/keikoproj/upgrade-manager/controllers/script_runner.go:105.18,107.3 1 0
github.com/keikoproj/upgrade-manager/controllers/script_runner.go:110.16,113.3 2 0
github.com/keikoproj/upgrade-manager/controllers/script_runner.go:119.60,121.18 2 0
github.com/keikoproj/upgrade-manager/controllers/script_runner.go:125.2,126.16 2 0
github.com/keikoproj/upgrade-manager/controllers/script_runner.go:131.2,132.12 2 0
github.com/keikoproj/upgrade-manager/controllers/script_runner.go:121.18,123.3 1 0
github.com/keikoproj/upgrade-manager/controllers/script_runner.go:126.16,129.3 2 0
github.com/keikoproj/upgrade-manager/controllers/upgrade.go:65.53,71.40 3 1
github.com/keikoproj/upgrade-manager/controllers/upgrade.go:76.2,76.43 1 1
github.com/keikoproj/upgrade-manager/controllers/upgrade.go:83.2,86.59 2 1
github.com/keikoproj/upgrade-manager/controllers/upgrade.go:89.2,100.32 3 1
github.com/keikoproj/upgrade-manager/controllers/upgrade.go:107.2,108.57 2 1
github.com/keikoproj/upgrade-manager/controllers/upgrade.go:112.2,112.12 1 1
github.com/keikoproj/upgrade-manager/controllers/upgrade.go:71.40,73.3 1 1
github.com/keikoproj/upgrade-manager/controllers/upgrade.go:76.43,81.3 4 0
github.com/keikoproj/upgrade-manager/controllers/upgrade.go:86.59,88.3 1 0
github.com/keikoproj/upgrade-manager/controllers/upgrade.go:100.32,105.3 4 1
github.com/keikoproj/upgrade-manager/controllers/upgrade.go:108.57,110.3 1 0
github.com/keikoproj/upgrade-manager/controllers/upgrade.go:115.95,126.30 5 1
github.com/keikoproj/upgrade-manager/controllers/upgrade.go:130.2,130.14 1 1
github.com/keikoproj/upgrade-manager/controllers/upgrade.go:216.2,224.139 2 1
github.com/keikoproj/upgrade-manager/controllers/upgrade.go:229.2,229.122 1 1
github.com/keikoproj/upgrade-manager/controllers/upgrade.go:234.2,234.69 1 1
github.com/keikoproj/upgrade-manager/controllers/upgrade.go:298.2,299.12 2 1
github.com/keikoproj/upgrade-manager/controllers/upgrade.go:304.2,304.9 1 1
github.com/keikoproj/upgrade-manager/controllers/upgrade.go:372.2,372.18 1 1
github.com/keikoproj/upgrade-manager/controllers/upgrade.go:126.30,128.3 1 1
github.com/keikoproj/upgrade-manager/controllers/upgrade.go:131.40,132.32 1 0
github.com/keikoproj/upgrade-manager/controllers/upgrade.go:147.3,149.36 2 0
github.com/keikoproj/upgrade-manager/controllers/upgrade.go:171.3,171.32 1 0
github.com/keikoproj/upgrade-manager/controllers/upgrade.go:185.3,186.29 2 0
github.com/keikoproj/upgrade-manager/controllers/upgrade.go:190.3,190.79 1 0
github.com/keikoproj/upgrade-manager/controllers/upgrade.go:192.39,193.32 1 0
github.com/keikoproj/upgrade-manager/controllers/upgrade.go:207.3,209.111 3 0
github.com/keikoproj/upgrade-manager/controllers/upgrade.go:132.32,135.19 3 0
github.com/keikoproj/upgrade-manager/controllers/upgrade.go:140.4,144.115 2 0
github.com/keikoproj/upgrade-manager/controllers/upgrade.go:135.19,137.13 2 0
github.com/keikoproj/upgrade-manager/controllers/upgrade.go:149.36,152.112 2 0
github.com/keikoproj/upgrade-manager/controllers/upgrade.go:158.4,159.62 2 0
github.com/keikoproj/upgrade-manager/controllers/upgrade.go:164.4,165.20 2 0
github.com/keikoproj/upgrade-manager/controllers/upgrade.go:152.112,156.5 3 0
github.com/keikoproj/upgrade-manager/controllers/upgrade.go:159.62,161.5 1 0
github.com/keikoproj/upgrade-manager/controllers/upgrade.go:166.9,168.4 1 0
github.com/keikoproj/upgrade-manager/controllers/upgrade.go:171.32,174.19 3 0
github.com/keikoproj/upgrade-manager/controllers/upgrade.go:178.4,181.124 2 0
github.com/keikoproj/upgrade-manager/controllers/upgrade.go:174.19,176.13 2 0
github.com/keikoproj/upgrade-manager/controllers/upgrade.go:186.29,189.4 2 0
github.com/keikoproj/upgrade-manager/controllers/upgrade.go:193.32,196.19 3 0
github.com/keikoproj/upgrade-manager/controllers/upgrade.go:200.4,204.115 2 0
github.com/keikoproj/upgrade-manager/controllers/upgrade.go:196.19,198.13 2 0
github.com/keikoproj/upgrade-manager/controllers/upgrade.go:209.111,213.4 3 0
github.com/keikoproj/upgrade-manager/controllers/upgrade.go:224.139,227.3 2 0
github.com/keikoproj/upgrade-manager/controllers/upgrade.go:229.122,232.3 2 0
github.com/keikoproj/upgrade-manager/controllers/upgrade.go:234.69,235.32 1 1
github.com/keikoproj/upgrade-manager/controllers/upgrade.go:235.32,238.19 3 1
github.com/keikoproj/upgrade-manager/controllers/upgrade.go:242.4,252.14 3 0
github.com/keikoproj/upgrade-manager/controllers/upgrade.go:238.19,240.13 2 1
github.com/keikoproj/upgrade-manager/controllers/upgrade.go:252.14,259.65 3 0
github.com/keikoproj/upgrade-manager/controllers/upgrade.go:264.5,264.99 1 0
github.com/keikoproj/upgrade-manager/controllers/upgrade.go:280.5,283.66 2 0
github.com/keikoproj/upgrade-manager/controllers/upgrade.go:288.5,291.65 2 0
github.com/keikoproj/upgrade-manager/controllers/upgrade.go:259.65,261.6 1 0
github.com/keikoproj/upgrade-manager/controllers/upgrade.go:264.99,270.160 3 0
github.com/keikoproj/upgrade-manager/controllers/upgrade.go:270.160,272.52 1 0
github.com/keikoproj/upgrade-manager/controllers/upgrade.go:272.52,275.8 2 0
github.com/keikoproj/upgrade-manager/controllers/upgrade.go:283.66,285.6 1 0
github.com/keikoproj/upgrade-manager/controllers/upgrade.go:291.65,293.6 1 0
github.com/keikoproj/upgrade-manager/controllers/upgrade.go:299.12,302.3 2 1
github.com/keikoproj/upgrade-manager/controllers/upgrade.go:305.43,309.20 3 0
github.com/keikoproj/upgrade-manager/controllers/upgrade.go:311.14,315.32 3 1
github.com/keikoproj/upgrade-manager/controllers/upgrade.go:362.3,362.54 1 1
github.com/keikoproj/upgrade-manager/controllers/upgrade.go:364.45,370.19 3 0
github.com/keikoproj/upgrade-manager/controllers/upgrade.go:315.32,318.19 3 1
github.com/keikoproj/upgrade-manager/controllers/upgrade.go:322.4,337.59 4 0
github.com/keikoproj/upgrade-manager/controllers/upgrade.go:344.4,350.69 3 0
github.com/keikoproj/upgrade-manager/controllers/upgrade.go:355.4,359.135 3 0
github.com/keikoproj/upgrade-manager/controllers/upgrade.go:318.19,320.13 2 1
github.com/keikoproj/upgrade-manager/controllers/upgrade.go:337.59,342.5 3 0
github.com/keikoproj/upgrade-manager/controllers/upgrade.go:350.69,352.5 1 0
github.com/keikoproj/upgrade-manager/controllers/upgrade.go:375.104,385.55 4 1
github.com/keikoproj/upgrade-manager/controllers/upgrade.go:394.2,394.22 1 1
github.com/keikoproj/upgrade-manager/controllers/upgrade.go:399.2,399.76 1 1
github.com/keikoproj/upgrade-manager/controllers/upgrade.go:433.2,433.16 1 0
github.com/keikoproj/upgrade-manager/controllers/upgrade.go:385.55,386.152 1 1
github.com/keikoproj/upgrade-manager/controllers/upgrade.go:386.152,388.122 1 1
github.com/keikoproj/upgrade-manager/controllers/upgrade.go:388.122,390.5 1 1
github.com/keikoproj/upgrade-manager/controllers/upgrade.go:394.22,396.3 1 1
github.com/keikoproj/upgrade-manager/controllers/upgrade.go:399.76,400.51 1 1
github.com/keikoproj/upgrade-manager/controllers/upgrade.go:405.3,405.36 1 1
github.com/keikoproj/upgrade-manager/controllers/upgrade.go:408.3,408.34 1 1
github.com/keikoproj/upgrade-manager/controllers/upgrade.go:400.51,401.141 1 1
github.com/keikoproj/upgrade-manager/controllers/upgrade.go:401.141,403.5 1 0
github.com/keikoproj/upgrade-manager/controllers/upgrade.go:405.36,407.4 1 0
github.com/keikoproj/upgrade-manager/controllers/upgrade.go:410.8,410.92 1 0
github.com/keikoproj/upgrade-manager/controllers/upgrade.go:410.92,411.51 1 0
github.com/keikoproj/upgrade-manager/controllers/upgrade.go:417.3,419.20 3 0
github.com/keikoproj/upgrade-manager/controllers/upgrade.go:422.3,422.34 1 0
github.com/keikoproj/upgrade-manager/controllers/upgrade.go:428.3,428.38 1 0
github.com/keikoproj/upgrade-manager/controllers/upgrade.go:431.3,431.36 1 0
github.com/keikoproj/upgrade-manager/controllers/upgrade.go:411.51,412.141 1 0
github.com/keikoproj/upgrade-manager/controllers/upgrade.go:412.141,414.5 1 0
github.com/keikoproj/upgrade-manager/controllers/upgrade.go:419.20,421.4 1 0
github.com/keikoproj/upgrade-manager/controllers/upgrade.go:422.34,424.37 2 0
github.com/keikoproj/upgrade-manager/controllers/upgrade.go:424.37,426.5 1 0
github.com/keikoproj/upgrade-manager/controllers/upgrade.go:428.38,430.4 1 0
github.com/keikoproj/upgrade-manager/controllers/upgrade.go:436.88,445.111 2 1
github.com/keikoproj/upgrade-manager/controllers/upgrade.go:450.2,450.39 1 1
github.com/keikoproj/upgrade-manager/controllers/upgrade.go:466.2,466.49 1 1
github.com/keikoproj/upgrade-manager/controllers/upgrade.go:522.2,522.14 1 1
github.com/keikoproj/upgrade-manager/controllers/upgrade.go:445.111,447.3 1 0
github.com/keikoproj/upgrade-manager/controllers/upgrade.go:450.39,452.18 2 0
github.com/keikoproj/upgrade-manager/controllers/upgrade.go:456.3,460.51 2 0
github.com/keikoproj/upgrade-manager/controllers/upgrade.go:452.18,455.4 2 0
github.com/keikoproj/upgrade-manager/controllers/upgrade.go:460.51,463.4 2 0
github.com/keikoproj/upgrade-manager/controllers/upgrade.go:466.49,467.46 1 1
github.com/keikoproj/upgrade-manager/controllers/upgrade.go:470.3,472.63 3 1
github.com/keikoproj/upgrade-manager/controllers/upgrade.go:467.46,469.4 1 0
github.com/keikoproj/upgrade-manager/controllers/upgrade.go:472.63,474.4 1 1
github.com/keikoproj/upgrade-manager/controllers/upgrade.go:475.8,475.47 1 1
github.com/keikoproj/upgrade-manager/controllers/upgrade.go:475.47,476.37 1 1
github.com/keikoproj/upgrade-manager/controllers/upgrade.go:480.3,488.70 2 1
github.com/keikoproj/upgrade-manager/controllers/upgrade.go:492.3,492.67 1 1
github.com/keikoproj/upgrade-manager/controllers/upgrade.go:476.37,478.4 1 0
github.com/keikoproj/upgrade-manager/controllers/upgrade.go:488.70,490.4 1 0
github.com/keikoproj/upgrade-manager/controllers/upgrade.go:492.67,494.4 1 1
github.com/keikoproj/upgrade-manager/controllers/upgrade.go:494.9,494.74 1 0
github.com/keikoproj/upgrade-manager/controllers/upgrade.go:494.74,496.4 1 0
github.com/keikoproj/upgrade-manager/controllers/upgrade.go:498.8,498.53 1 1
github.com/keikoproj/upgrade-manager/controllers/upgrade.go:498.53,499.37 1 1
github.com/keikoproj/upgrade-manager/controllers/upgrade.go:503.3,511.70 2 1
github.com/keikoproj/upgrade-manager/controllers/upgrade.go:515.3,515.67 1 1
github.com/keikoproj/upgrade-manager/controllers/upgrade.go:499.37,501.4 1 0
github.com/keikoproj/upgrade-manager/controllers/upgrade.go:511.70,513.4 1 0
github.com/keikoproj/upgrade-manager/controllers/upgrade.go:515.67,517.4 1 1
github.com/keikoproj/upgrade-manager/controllers/upgrade.go:517.9,517.74 1 0
github.com/keikoproj/upgrade-manager/controllers/upgrade.go:517.74,519.4 1 0
github.com/keikoproj/upgrade-manager/controllers/upgrade.go:525.62,533.50 3 1
github.com/keikoproj/upgrade-manager/controllers/upgrade.go:538.2,538.21 1 1
github.com/keikoproj/upgrade-manager/controllers/upgrade.go:543.2,545.14 3 1
github.com/keikoproj/upgrade-manager/controllers/upgrade.go:533.50,534.36 1 1
github.com/keikoproj/upgrade-manager/controllers/upgrade.go:534.36,536.4 1 1
github.com/keikoproj/upgrade-manager/controllers/upgrade.go:538.21,542.3 3 1
github.com/keikoproj/upgrade-manager/controllers/upgrade.go:548.58,557.56 3 1
github.com/keikoproj/upgrade-manager/controllers/upgrade.go:563.2,563.97 1 1
github.com/keikoproj/upgrade-manager/controllers/upgrade.go:571.2,571.41 1 1
github.com/keikoproj/upgrade-manager/controllers/upgrade.go:576.2,576.13 1 1
github.com/keikoproj/upgrade-manager/controllers/upgrade.go:557.56,560.3 2 1
github.com/keikoproj/upgrade-manager/controllers/upgrade.go:563.97,564.45 1 1
github.com/keikoproj/upgrade-manager/controllers/upgrade.go:564.45,566.187 2 1
github.com/keikoproj/upgrade-manager/controllers/upgrade.go:566.187,568.5 1 1
github.com/keikoproj/upgrade-manager/controllers/upgrade.go:571.41,574.3 2 1
github.com/keikoproj/upgrade-manager/controllers/upgrade.go:579.80,581.37 2 1
github.com/keikoproj/upgrade-manager/controllers/upgrade.go:592.2,592.25 1 1
github.com/keikoproj/upgrade-manager/controllers/upgrade.go:597.2,597.33 1 1
github.com/keikoproj/upgrade-manager/controllers/upgrade.go:601.2,601.23 1 1
github.com/keikoproj/upgrade-manager/controllers/upgrade.go:581.37,582.46 1 0
github.com/keikoproj/upgrade-manager/controllers/upgrade.go:582.46,584.4 1 0
github.com/keikoproj/upgrade-manager/controllers/upgrade.go:584.9,586.4 1 0
github.com/keikoproj/upgrade-manager/controllers/upgrade.go:587.8,589.3 1 1
github.com/keikoproj/upgrade-manager/controllers/upgrade.go:592.25,594.3 1 1
github.com/keikoproj/upgrade-manager/controllers/upgrade.go:597.33,599.3 1 0
github.com/keikoproj/upgrade-manager/controllers/upgrade.go:604.81,614.2 6 1
github.com/keikoproj/upgrade-manager/controllers/upgrade.go:616.49,623.32 4 1
github.com/keikoproj/upgrade-manager/controllers/upgrade.go:623.32,625.3 1 0
github.com/keikoproj/upgrade-manager/controllers/upgrade.go:625.8,631.3 3 1
github.com/keikoproj/upgrade-manager/controllers/upgrade.go:635.77,638.38 3 1
github.com/keikoproj/upgrade-manager/controllers/upgrade.go:643.2,643.12 1 1
github.com/keikoproj/upgrade-manager/controllers/upgrade.go:638.38,639.89 1 1
github.com/keikoproj/upgrade-manager/controllers/upgrade.go:639.89,641.4 1 0
