mode: set
github.com/keikoproj/upgrade-manager/controllers/common/metrics.go:59.20,62.2 2 0
github.com/keikoproj/upgrade-manager/controllers/common/metrics.go:65.68,67.50 2 0
github.com/keikoproj/upgrade-manager/controllers/common/metrics.go:89.2,89.37 1 0
github.com/keikoproj/upgrade-manager/controllers/common/metrics.go:67.50,76.17 3 0
github.com/keikoproj/upgrade-manager/controllers/common/metrics.go:83.3,85.24 3 0
github.com/keikoproj/upgrade-manager/controllers/common/metrics.go:76.17,77.75 1 0
github.com/keikoproj/upgrade-manager/controllers/common/metrics.go:77.75,79.5 1 0
github.com/keikoproj/upgrade-manager/controllers/common/metrics.go:79.10,81.5 1 0
github.com/keikoproj/upgrade-manager/controllers/common/metrics.go:86.8,88.3 1 0
github.com/keikoproj/upgrade-manager/controllers/common/metrics.go:92.115,94.39 2 0
github.com/keikoproj/upgrade-manager/controllers/common/metrics.go:116.2,116.27 1 0
github.com/keikoproj/upgrade-manager/controllers/common/metrics.go:94.39,103.17 3 0
github.com/keikoproj/upgrade-manager/controllers/common/metrics.go:110.3,112.24 3 0
github.com/keikoproj/upgrade-manager/controllers/common/metrics.go:103.17,104.75 1 0
github.com/keikoproj/upgrade-manager/controllers/common/metrics.go:104.75,106.5 1 0
github.com/keikoproj/upgrade-manager/controllers/common/metrics.go:106.10,108.5 1 0
github.com/keikoproj/upgrade-manager/controllers/common/metrics.go:113.8,115.3 1 0
github.com/keikoproj/upgrade-manager/controllers/common/metrics.go:119.55,121.2 1 0
github.com/keikoproj/upgrade-manager/controllers/common/metrics.go:123.68,125.2 1 0
github.com/keikoproj/upgrade-manager/controllers/common/metrics.go:128.81,129.42 1 1
github.com/keikoproj/upgrade-manager/controllers/common/metrics.go:129.42,131.3 1 1
github.com/keikoproj/upgrade-manager/controllers/common/metrics.go:131.8,133.45 2 1
github.com/keikoproj/upgrade-manager/controllers/common/metrics.go:142.3,143.36 2 1
github.com/keikoproj/upgrade-manager/controllers/common/metrics.go:165.3,165.38 1 1
github.com/keikoproj/upgrade-manager/controllers/common/metrics.go:133.45,138.4 4 1
github.com/keikoproj/upgrade-manager/controllers/common/metrics.go:138.9,140.4 1 1
github.com/keikoproj/upgrade-manager/controllers/common/metrics.go:143.36,152.18 3 1
github.com/keikoproj/upgrade-manager/controllers/common/metrics.go:159.4,161.25 3 1
github.com/keikoproj/upgrade-manager/controllers/common/metrics.go:152.18,153.76 1 1
github.com/keikoproj/upgrade-manager/controllers/common/metrics.go:153.76,155.6 1 1
github.com/keikoproj/upgrade-manager/controllers/common/metrics.go:155.11,157.6 1 0
github.com/keikoproj/upgrade-manager/controllers/common/metrics.go:162.9,164.4 1 1
github.com/keikoproj/upgrade-manager/controllers/common/metrics.go:169.50,171.2 1 1
github.com/keikoproj/upgrade-manager/controllers/common/metrics.go:173.46,175.2 1 1
github.com/keikoproj/upgrade-manager/controllers/common/metrics.go:177.43,179.2 1 1
github.com/keikoproj/upgrade-manager/controllers/common/utils.go:24.55,25.29 1 0
github.com/keikoproj/upgrade-manager/controllers/common/utils.go:30.2,30.14 1 0
github.com/keikoproj/upgrade-manager/controllers/common/utils.go:25.29,26.33 1 0
github.com/keikoproj/upgrade-manager/controllers/common/utils.go:26.33,28.4 1 0
github.com/keikoproj/upgrade-manager/controllers/script_runner.go:39.55,43.2 1 0
github.com/keikoproj/upgrade-manager/controllers/script_runner.go:45.61,56.2 2 1
github.com/keikoproj/upgrade-manager/controllers/script_runner.go:58.86,64.16 5 1
github.com/keikoproj/upgrade-manager/controllers/script_runner.go:67.2,67.25 1 1
github.com/keikoproj/upgrade-manager/controllers/script_runner.go:64.16,66.3 1 1
github.com/keikoproj/upgrade-manager/controllers/script_runner.go:70.65,72.18 2 0
github.com/keikoproj/upgrade-manager/controllers/script_runner.go:76.2,77.16 2 0
github.com/keikoproj/upgrade-manager/controllers/script_runner.go:82.2,84.12 2 0
github.com/keikoproj/upgrade-manager/controllers/script_runner.go:72.18,74.3 1 0
github.com/keikoproj/upgrade-manager/controllers/script_runner.go:77.16,80.3 2 0
github.com/keikoproj/upgrade-manager/controllers/script_runner.go:87.60,89.18 2 0
github.com/keikoproj/upgrade-manager/controllers/script_runner.go:93.2,94.16 2 0
github.com/keikoproj/upgrade-manager/controllers/script_runner.go:99.2,100.12 2 0
github.com/keikoproj/upgrade-manager/controllers/script_runner.go:89.18,91.3 1 0
github.com/keikoproj/upgrade-manager/controllers/script_runner.go:94.16,97.3 2 0
github.com/keikoproj/upgrade-manager/controllers/script_runner.go:103.61,105.18 2 0
github.com/keikoproj/upgrade-manager/controllers/script_runner.go:109.2,110.16 2 0
github.com/keikoproj/upgrade-manager/controllers/script_runner.go:115.2,116.12 2 0
github.com/keikoproj/upgrade-manager/controllers/script_runner.go:105.18,107.3 1 0
github.com/keikoproj/upgrade-manager/controllers/script_runner.go:110.16,113.3 2 0
github.com/keikoproj/upgrade-manager/controllers/script_runner.go:119.60,121.18 2 0
github.com/keikoproj/upgrade-manager/controllers/script_runner.go:125.2,126.16 2 0
github.com/keikoproj/upgrade-manager/controllers/script_runner.go:131.2,132.12 2 0
github.com/keikoproj/upgrade-manager/controllers/script_runner.go:121.18,123.3 1 0
github.com/keikoproj/upgrade-manager/controllers/script_runner.go:126.16,129.3 2 0
github.com/keikoproj/upgrade-manager/controllers/upgrade.go:62.53,68.40 3 1
github.com/keikoproj/upgrade-manager/controllers/upgrade.go:73.2,73.43 1 1
github.com/keikoproj/upgrade-manager/controllers/upgrade.go:80.2,83.59 2 1
github.com/keikoproj/upgrade-manager/controllers/upgrade.go:86.2,97.32 3 1
github.com/keikoproj/upgrade-manager/controllers/upgrade.go:104.2,105.57 2 1
github.com/keikoproj/upgrade-manager/controllers/upgrade.go:109.2,109.12 1 1
github.com/keikoproj/upgrade-manager/controllers/upgrade.go:68.40,70.3 1 1
github.com/keikoproj/upgrade-manager/controllers/upgrade.go:73.43,78.3 4 0
github.com/keikoproj/upgrade-manager/controllers/upgrade.go:83.59,85.3 1 0
github.com/keikoproj/upgrade-manager/controllers/upgrade.go:97.32,102.3 4 1
github.com/keikoproj/upgrade-manager/controllers/upgrade.go:105.57,107.3 1 0
github.com/keikoproj/upgrade-manager/controllers/upgrade.go:112.95,123.30 5 1
github.com/keikoproj/upgrade-manager/controllers/upgrade.go:127.2,127.14 1 1
github.com/keikoproj/upgrade-manager/controllers/upgrade.go:213.2,221.139 2 1
github.com/keikoproj/upgrade-manager/controllers/upgrade.go:226.2,226.122 1 1
github.com/keikoproj/upgrade-manager/controllers/upgrade.go:231.2,231.69 1 1
github.com/keikoproj/upgrade-manager/controllers/upgrade.go:294.2,295.12 2 1
github.com/keikoproj/upgrade-manager/controllers/upgrade.go:300.2,300.9 1 1
github.com/keikoproj/upgrade-manager/controllers/upgrade.go:368.2,368.18 1 1
github.com/keikoproj/upgrade-manager/controllers/upgrade.go:123.30,125.3 1 1
github.com/keikoproj/upgrade-manager/controllers/upgrade.go:128.40,129.32 1 0
github.com/keikoproj/upgrade-manager/controllers/upgrade.go:144.3,146.36 2 0
github.com/keikoproj/upgrade-manager/controllers/upgrade.go:167.3,167.32 1 0
github.com/keikoproj/upgrade-manager/controllers/upgrade.go:181.3,182.29 2 0
github.com/keikoproj/upgrade-manager/controllers/upgrade.go:187.3,187.79 1 0
github.com/keikoproj/upgrade-manager/controllers/upgrade.go:189.39,190.32 1 0
github.com/keikoproj/upgrade-manager/controllers/upgrade.go:204.3,206.111 3 0
github.com/keikoproj/upgrade-manager/controllers/upgrade.go:129.32,132.19 3 0
github.com/keikoproj/upgrade-manager/controllers/upgrade.go:137.4,141.115 2 0
github.com/keikoproj/upgrade-manager/controllers/upgrade.go:132.19,134.13 2 0
github.com/keikoproj/upgrade-manager/controllers/upgrade.go:146.36,149.112 2 0
github.com/keikoproj/upgrade-manager/controllers/upgrade.go:155.4,156.106 2 0
github.com/keikoproj/upgrade-manager/controllers/upgrade.go:160.4,161.20 2 0
github.com/keikoproj/upgrade-manager/controllers/upgrade.go:149.112,153.5 3 0
github.com/keikoproj/upgrade-manager/controllers/upgrade.go:156.106,158.5 1 0
github.com/keikoproj/upgrade-manager/controllers/upgrade.go:162.9,164.4 1 0
github.com/keikoproj/upgrade-manager/controllers/upgrade.go:167.32,170.19 3 0
github.com/keikoproj/upgrade-manager/controllers/upgrade.go:174.4,177.124 2 0
github.com/keikoproj/upgrade-manager/controllers/upgrade.go:170.19,172.13 2 0
github.com/keikoproj/upgrade-manager/controllers/upgrade.go:182.29,186.4 3 0
github.com/keikoproj/upgrade-manager/controllers/upgrade.go:190.32,193.19 3 0
github.com/keikoproj/upgrade-manager/controllers/upgrade.go:197.4,201.115 2 0
github.com/keikoproj/upgrade-manager/controllers/upgrade.go:193.19,195.13 2 0
github.com/keikoproj/upgrade-manager/controllers/upgrade.go:206.111,210.4 3 0
github.com/keikoproj/upgrade-manager/controllers/upgrade.go:221.139,224.3 2 0
github.com/keikoproj/upgrade-manager/controllers/upgrade.go:226.122,229.3 2 0
github.com/keikoproj/upgrade-manager/controllers/upgrade.go:231.69,232.32 1 1
github.com/keikoproj/upgrade-manager/controllers/upgrade.go:232.32,235.19 3 1
github.com/keikoproj/upgrade-manager/controllers/upgrade.go:239.4,249.14 3 0
github.com/keikoproj/upgrade-manager/controllers/upgrade.go:235.19,237.13 2 1
github.com/keikoproj/upgrade-manager/controllers/upgrade.go:249.14,256.65 3 0
github.com/keikoproj/upgrade-manager/controllers/upgrade.go:261.5,261.99 1 0
github.com/keikoproj/upgrade-manager/controllers/upgrade.go:276.5,279.66 2 0
github.com/keikoproj/upgrade-manager/controllers/upgrade.go:284.5,287.65 2 0
github.com/keikoproj/upgrade-manager/controllers/upgrade.go:256.65,258.6 1 0
github.com/keikoproj/upgrade-manager/controllers/upgrade.go:261.99,267.160 3 0
github.com/keikoproj/upgrade-manager/controllers/upgrade.go:267.160,268.52 1 0
github.com/keikoproj/upgrade-manager/controllers/upgrade.go:268.52,271.8 1 0
github.com/keikoproj/upgrade-manager/controllers/upgrade.go:279.66,281.6 1 0
github.com/keikoproj/upgrade-manager/controllers/upgrade.go:287.65,289.6 1 0
github.com/keikoproj/upgrade-manager/controllers/upgrade.go:295.12,298.3 2 1
github.com/keikoproj/upgrade-manager/controllers/upgrade.go:301.43,305.20 3 0
github.com/keikoproj/upgrade-manager/controllers/upgrade.go:307.14,311.32 3 1
github.com/keikoproj/upgrade-manager/controllers/upgrade.go:358.3,358.54 1 1
github.com/keikoproj/upgrade-manager/controllers/upgrade.go:360.45,366.19 3 0
github.com/keikoproj/upgrade-manager/controllers/upgrade.go:311.32,314.19 3 1
github.com/keikoproj/upgrade-manager/controllers/upgrade.go:318.4,333.59 4 0
github.com/keikoproj/upgrade-manager/controllers/upgrade.go:340.4,346.69 3 0
github.com/keikoproj/upgrade-manager/controllers/upgrade.go:351.4,355.135 3 0
github.com/keikoproj/upgrade-manager/controllers/upgrade.go:314.19,316.13 2 1
github.com/keikoproj/upgrade-manager/controllers/upgrade.go:333.59,338.5 3 0
github.com/keikoproj/upgrade-manager/controllers/upgrade.go:346.69,348.5 1 0
github.com/keikoproj/upgrade-manager/controllers/upgrade.go:371.104,381.55 4 1
github.com/keikoproj/upgrade-manager/controllers/upgrade.go:390.2,390.22 1 1
github.com/keikoproj/upgrade-manager/controllers/upgrade.go:395.2,395.76 1 1
github.com/keikoproj/upgrade-manager/controllers/upgrade.go:429.2,429.16 1 0
github.com/keikoproj/upgrade-manager/controllers/upgrade.go:381.55,382.152 1 1
github.com/keikoproj/upgrade-manager/controllers/upgrade.go:382.152,384.122 1 1
github.com/keikoproj/upgrade-manager/controllers/upgrade.go:384.122,386.5 1 1
github.com/keikoproj/upgrade-manager/controllers/upgrade.go:390.22,392.3 1 1
github.com/keikoproj/upgrade-manager/controllers/upgrade.go:395.76,396.51 1 1
github.com/keikoproj/upgrade-manager/controllers/upgrade.go:401.3,401.36 1 1
github.com/keikoproj/upgrade-manager/controllers/upgrade.go:404.3,404.34 1 1
github.com/keikoproj/upgrade-manager/controllers/upgrade.go:396.51,397.141 1 1
github.com/keikoproj/upgrade-manager/controllers/upgrade.go:397.141,399.5 1 0
github.com/keikoproj/upgrade-manager/controllers/upgrade.go:401.36,403.4 1 0
github.com/keikoproj/upgrade-manager/controllers/upgrade.go:406.8,406.92 1 0
github.com/keikoproj/upgrade-manager/controllers/upgrade.go:406.92,407.51 1 0
github.com/keikoproj/upgrade-manager/controllers/upgrade.go:413.3,415.20 3 0
github.com/keikoproj/upgrade-manager/controllers/upgrade.go:418.3,418.34 1 0
github.com/keikoproj/upgrade-manager/controllers/upgrade.go:424.3,424.38 1 0
github.com/keikoproj/upgrade-manager/controllers/upgrade.go:427.3,427.36 1 0
github.com/keikoproj/upgrade-manager/controllers/upgrade.go:407.51,408.141 1 0
github.com/keikoproj/upgrade-manager/controllers/upgrade.go:408.141,410.5 1 0
github.com/keikoproj/upgrade-manager/controllers/upgrade.go:415.20,417.4 1 0
github.com/keikoproj/upgrade-manager/controllers/upgrade.go:418.34,420.37 2 0
github.com/keikoproj/upgrade-manager/controllers/upgrade.go:420.37,422.5 1 0
github.com/keikoproj/upgrade-manager/controllers/upgrade.go:424.38,426.4 1 0
github.com/keikoproj/upgrade-manager/controllers/upgrade.go:432.88,441.111 2 1
github.com/keikoproj/upgrade-manager/controllers/upgrade.go:446.2,446.39 1 1
github.com/keikoproj/upgrade-manager/controllers/upgrade.go:462.2,462.49 1 1
github.com/keikoproj/upgrade-manager/controllers/upgrade.go:508.2,508.14 1 1
github.com/keikoproj/upgrade-manager/controllers/upgrade.go:441.111,443.3 1 0
github.com/keikoproj/upgrade-manager/controllers/upgrade.go:446.39,448.18 2 0
github.com/keikoproj/upgrade-manager/controllers/upgrade.go:452.3,456.51 2 0
github.com/keikoproj/upgrade-manager/controllers/upgrade.go:448.18,451.4 2 0
github.com/keikoproj/upgrade-manager/controllers/upgrade.go:456.51,459.4 2 0
github.com/keikoproj/upgrade-manager/controllers/upgrade.go:462.49,463.46 1 1
github.com/keikoproj/upgrade-manager/controllers/upgrade.go:466.3,468.63 3 1
github.com/keikoproj/upgrade-manager/controllers/upgrade.go:463.46,465.4 1 0
github.com/keikoproj/upgrade-manager/controllers/upgrade.go:468.63,470.4 1 1
github.com/keikoproj/upgrade-manager/controllers/upgrade.go:471.8,471.47 1 0
github.com/keikoproj/upgrade-manager/controllers/upgrade.go:471.47,472.37 1 0
github.com/keikoproj/upgrade-manager/controllers/upgrade.go:476.3,483.67 2 0
github.com/keikoproj/upgrade-manager/controllers/upgrade.go:472.37,474.4 1 0
github.com/keikoproj/upgrade-manager/controllers/upgrade.go:483.67,485.4 1 0
github.com/keikoproj/upgrade-manager/controllers/upgrade.go:485.9,485.74 1 0
github.com/keikoproj/upgrade-manager/controllers/upgrade.go:485.74,487.4 1 0
github.com/keikoproj/upgrade-manager/controllers/upgrade.go:489.8,489.53 1 0
github.com/keikoproj/upgrade-manager/controllers/upgrade.go:489.53,490.37 1 0
github.com/keikoproj/upgrade-manager/controllers/upgrade.go:494.3,501.67 2 0
github.com/keikoproj/upgrade-manager/controllers/upgrade.go:490.37,492.4 1 0
github.com/keikoproj/upgrade-manager/controllers/upgrade.go:501.67,503.4 1 0
github.com/keikoproj/upgrade-manager/controllers/upgrade.go:503.9,503.74 1 0
github.com/keikoproj/upgrade-manager/controllers/upgrade.go:503.74,505.4 1 0
github.com/keikoproj/upgrade-manager/controllers/upgrade.go:511.62,519.50 3 1
github.com/keikoproj/upgrade-manager/controllers/upgrade.go:524.2,524.21 1 1
github.com/keikoproj/upgrade-manager/controllers/upgrade.go:529.2,531.14 3 1
github.com/keikoproj/upgrade-manager/controllers/upgrade.go:519.50,520.36 1 1
github.com/keikoproj/upgrade-manager/controllers/upgrade.go:520.36,522.4 1 1
github.com/keikoproj/upgrade-manager/controllers/upgrade.go:524.21,528.3 3 1
github.com/keikoproj/upgrade-manager/controllers/upgrade.go:534.58,543.56 3 1
github.com/keikoproj/upgrade-manager/controllers/upgrade.go:549.2,549.97 1 1
github.com/keikoproj/upgrade-manager/controllers/upgrade.go:557.2,557.41 1 1
github.com/keikoproj/upgrade-manager/controllers/upgrade.go:562.2,562.13 1 1
github.com/keikoproj/upgrade-manager/controllers/upgrade.go:543.56,546.3 2 1
github.com/keikoproj/upgrade-manager/controllers/upgrade.go:549.97,550.45 1 1
github.com/keikoproj/upgrade-manager/controllers/upgrade.go:550.45,552.187 2 1
github.com/keikoproj/upgrade-manager/controllers/upgrade.go:552.187,554.5 1 1
github.com/keikoproj/upgrade-manager/controllers/upgrade.go:557.41,560.3 2 1
github.com/keikoproj/upgrade-manager/controllers/upgrade.go:565.80,567.37 2 1
github.com/keikoproj/upgrade-manager/controllers/upgrade.go:578.2,578.25 1 1
github.com/keikoproj/upgrade-manager/controllers/upgrade.go:583.2,583.33 1 1
github.com/keikoproj/upgrade-manager/controllers/upgrade.go:587.2,587.23 1 1
github.com/keikoproj/upgrade-manager/controllers/upgrade.go:567.37,568.46 1 0
github.com/keikoproj/upgrade-manager/controllers/upgrade.go:568.46,570.4 1 0
github.com/keikoproj/upgrade-manager/controllers/upgrade.go:570.9,572.4 1 0
github.com/keikoproj/upgrade-manager/controllers/upgrade.go:573.8,575.3 1 1
github.com/keikoproj/upgrade-manager/controllers/upgrade.go:578.25,580.3 1 1
github.com/keikoproj/upgrade-manager/controllers/upgrade.go:583.33,585.3 1 0
github.com/keikoproj/upgrade-manager/controllers/upgrade.go:590.81,600.2 6 1
github.com/keikoproj/upgrade-manager/controllers/upgrade.go:602.49,609.32 4 1
github.com/keikoproj/upgrade-manager/controllers/upgrade.go:609.32,611.3 1 0
github.com/keikoproj/upgrade-manager/controllers/upgrade.go:611.8,617.3 3 1
github.com/keikoproj/upgrade-manager/controllers/cloud.go:43.97,48.2 1 1
github.com/keikoproj/upgrade-manager/controllers/cloud.go:50.44,53.16 2 1
github.com/keikoproj/upgrade-manager/controllers/cloud.go:56.2,59.16 3 1
github.com/keikoproj/upgrade-manager/controllers/cloud.go:62.2,65.16 3 1
github.com/keikoproj/upgrade-manager/controllers/cloud.go:68.2,70.12 2 1
github.com/keikoproj/upgrade-manager/controllers/cloud.go:53.16,55.3 1 0
github.com/keikoproj/upgrade-manager/controllers/cloud.go:59.16,61.3 1 0
github.com/keikoproj/upgrade-manager/controllers/cloud.go:65.16,67.3 1 0
github.com/keikoproj/upgrade-manager/controllers/metrics.go:12.153,15.2 2 1
github.com/keikoproj/upgrade-manager/controllers/metrics.go:18.104,21.28 3 1
github.com/keikoproj/upgrade-manager/controllers/metrics.go:24.2,24.47 1 1
github.com/keikoproj/upgrade-manager/controllers/metrics.go:21.28,23.3 1 0
github.com/keikoproj/upgrade-manager/controllers/metrics.go:28.100,29.30 1 1
github.com/keikoproj/upgrade-manager/controllers/metrics.go:29.30,30.26 1 0
github.com/keikoproj/upgrade-manager/controllers/metrics.go:30.26,32.4 1 0
github.com/keikoproj/upgrade-manager/controllers/metrics.go:37.84,39.55 1 0
github.com/keikoproj/upgrade-manager/controllers/metrics.go:48.2,54.4 1 0
github.com/keikoproj/upgrade-manager/controllers/metrics.go:39.55,40.33 1 0
github.com/keikoproj/upgrade-manager/controllers/metrics.go:40.33,46.4 3 0
github.com/keikoproj/upgrade-manager/controllers/metrics.go:58.164,69.2 2 1
github.com/keikoproj/upgrade-manager/controllers/metrics.go:72.139,75.47 2 1
github.com/keikoproj/upgrade-manager/controllers/metrics.go:87.2,89.48 3 1
github.com/keikoproj/upgrade-manager/controllers/metrics.go:75.47,83.3 2 1
github.com/keikoproj/upgrade-manager/controllers/metrics.go:83.8,85.3 1 1
github.com/keikoproj/upgrade-manager/controllers/metrics.go:89.48,99.3 8 1
github.com/keikoproj/upgrade-manager/controllers/metrics.go:99.8,99.50 1 1
github.com/keikoproj/upgrade-manager/controllers/metrics.go:99.50,102.26 3 1
github.com/keikoproj/upgrade-manager/controllers/metrics.go:102.26,107.4 4 1
github.com/keikoproj/upgrade-manager/controllers/metrics.go:113.118,115.2 1 1
github.com/keikoproj/upgrade-manager/controllers/metrics.go:117.147,119.46 2 1
github.com/keikoproj/upgrade-manager/controllers/metrics.go:127.2,127.25 1 1
github.com/keikoproj/upgrade-manager/controllers/metrics.go:119.46,123.3 1 1
github.com/keikoproj/upgrade-manager/controllers/metrics.go:123.8,126.3 2 1
github.com/keikoproj/upgrade-manager/controllers/rollingupgrade_controller.go:75.106,79.16 4 0
github.com/keikoproj/upgrade-manager/controllers/rollingupgrade_controller.go:89.2,89.48 1 0
github.com/keikoproj/upgrade-manager/controllers/rollingupgrade_controller.go:96.2,97.68 2 0
github.com/keikoproj/upgrade-manager/controllers/rollingupgrade_controller.go:103.2,103.47 1 0
github.com/keikoproj/upgrade-manager/controllers/rollingupgrade_controller.go:108.2,116.106 3 0
github.com/keikoproj/upgrade-manager/controllers/rollingupgrade_controller.go:122.2,122.51 1 0
github.com/keikoproj/upgrade-manager/controllers/rollingupgrade_controller.go:133.2,133.16 1 0
github.com/keikoproj/upgrade-manager/controllers/rollingupgrade_controller.go:139.2,139.107 1 0
github.com/keikoproj/upgrade-manager/controllers/rollingupgrade_controller.go:145.2,164.34 5 0
github.com/keikoproj/upgrade-manager/controllers/rollingupgrade_controller.go:172.2,172.48 1 0
github.com/keikoproj/upgrade-manager/controllers/rollingupgrade_controller.go:178.2,178.73 1 0
github.com/keikoproj/upgrade-manager/controllers/rollingupgrade_controller.go:79.16,80.30 1 0
github.com/keikoproj/upgrade-manager/controllers/rollingupgrade_controller.go:85.3,85.28 1 0
github.com/keikoproj/upgrade-manager/controllers/rollingupgrade_controller.go:80.30,84.4 3 0
github.com/keikoproj/upgrade-manager/controllers/rollingupgrade_controller.go:89.48,93.3 3 0
github.com/keikoproj/upgrade-manager/controllers/rollingupgrade_controller.go:97.68,101.3 3 0
github.com/keikoproj/upgrade-manager/controllers/rollingupgrade_controller.go:103.47,105.3 1 0
github.com/keikoproj/upgrade-manager/controllers/rollingupgrade_controller.go:116.106,119.3 2 0
github.com/keikoproj/upgrade-manager/controllers/rollingupgrade_controller.go:122.51,125.112 3 0
github.com/keikoproj/upgrade-manager/controllers/rollingupgrade_controller.go:130.3,130.14 1 0
github.com/keikoproj/upgrade-manager/controllers/rollingupgrade_controller.go:125.112,129.4 3 0
github.com/keikoproj/upgrade-manager/controllers/rollingupgrade_controller.go:133.16,136.3 1 0
github.com/keikoproj/upgrade-manager/controllers/rollingupgrade_controller.go:139.107,142.3 2 0
github.com/keikoproj/upgrade-manager/controllers/rollingupgrade_controller.go:142.8,144.3 1 0
github.com/keikoproj/upgrade-manager/controllers/rollingupgrade_controller.go:164.34,168.4 3 0
github.com/keikoproj/upgrade-manager/controllers/rollingupgrade_controller.go:172.48,176.3 3 0
github.com/keikoproj/upgrade-manager/controllers/rollingupgrade_controller.go:182.77,189.2 1 0
github.com/keikoproj/upgrade-manager/controllers/rollingupgrade_controller.go:192.76,194.46 1 0
github.com/keikoproj/upgrade-manager/controllers/rollingupgrade_controller.go:194.46,196.10 2 0
github.com/keikoproj/upgrade-manager/controllers/rollingupgrade_controller.go:202.4,202.15 1 0
github.com/keikoproj/upgrade-manager/controllers/rollingupgrade_controller.go:196.10,201.5 4 0
github.com/keikoproj/upgrade-manager/controllers/rollingupgrade_controller.go:204.46,206.10 2 0
github.com/keikoproj/upgrade-manager/controllers/rollingupgrade_controller.go:212.4,212.15 1 0
github.com/keikoproj/upgrade-manager/controllers/rollingupgrade_controller.go:206.10,211.5 4 0
github.com/keikoproj/upgrade-manager/controllers/rollingupgrade_controller.go:214.46,216.10 2 0
github.com/keikoproj/upgrade-manager/controllers/rollingupgrade_controller.go:222.4,222.15 1 0
github.com/keikoproj/upgrade-manager/controllers/rollingupgrade_controller.go:216.10,221.5 4 0
github.com/keikoproj/upgrade-manager/controllers/rollingupgrade_controller.go:228.58,229.12 1 0
github.com/keikoproj/upgrade-manager/controllers/rollingupgrade_controller.go:229.12,232.3 2 0
github.com/keikoproj/upgrade-manager/controllers/rollingupgrade_controller.go:236.90,238.80 2 0
github.com/keikoproj/upgrade-manager/controllers/rollingupgrade_controller.go:238.80,240.3 1 0
github.com/keikoproj/upgrade-manager/controllers/rollingupgrade_controller.go:244.69,248.60 3 0
github.com/keikoproj/upgrade-manager/controllers/rollingupgrade_controller.go:252.2,252.26 1 0
github.com/keikoproj/upgrade-manager/controllers/rollingupgrade_controller.go:255.2,255.21 1 0
github.com/keikoproj/upgrade-manager/controllers/rollingupgrade_controller.go:248.60,251.3 2 0
github.com/keikoproj/upgrade-manager/controllers/rollingupgrade_controller.go:252.26,254.3 1 0
